2018-Oct-17 16:19:24.085420 INFO    [daemon] 
 _______         _   _       _____      _        
|__   __|       | | | |     / ____|    (_)      
   | |_   _ _ __| |_| | ___| |     ___  _ _ __  
   | | | | | '__| __| |/ _ \ |    / _ \| | '_ \ 
   | | |_| | |  | |_| |  __/ |___| (_) | | | | |
   |_|\__ _|_|   \__|_|\___|\_____\___/|_|_| |_|

2018-Oct-17 16:19:24.091405 INFO    [daemon] Welcome to TurtleCoin v0.8.3.1275 ()
2018-Oct-17 16:19:24.093399 INFO    [daemon] Module folder: turtleservices\TurtleCoind.exe
2018-Oct-17 16:19:24.094396 INFO    [daemon] Loading Checkpoints for faster initial sync...
2018-Oct-17 16:19:24.096391 INFO    [daemon] Loaded 156 default checkpoints
2018-Oct-17 16:19:24.098396 INFO    [RocksDBWrapper] Opening DB in C:\Users\Yu-Ming\AppData\Roaming/TurtleCoin/DB
2018-Oct-17 16:19:24.167432 INFO    [RocksDBWrapper] DB opened in C:\Users\Yu-Ming\AppData\Roaming/TurtleCoin/DB
2018-Oct-17 16:19:24.172419 INFO    [daemon] Initializing core...
2018-Oct-17 16:19:24.215318 INFO    [Core] Importing blocks from blockchain storage
2018-Oct-17 16:19:24.501417 INFO    [daemon] Core initialized OK
2018-Oct-17 16:19:24.503574 INFO    [daemon] Initializing p2p server...
2018-Oct-17 16:19:24.510556 INFO    [node_server] Binding on 0.0.0.0:11897
2018-Oct-17 16:19:24.513561 INFO    [node_server] Net service binded on 0.0.0.0:11897
2018-Oct-17 16:19:24.517021 INFO    [node_server] Attempting to add IGD port mapping.
2018-Oct-17 16:19:25.606694 ERROR   [node_server] UPNP_AddPortMapping failed.
2018-Oct-17 16:19:25.608689 INFO    [daemon] P2p server initialized OK
2018-Oct-17 16:19:25.611681 INFO    [daemon] Starting core rpc server on address 0.0.0.0:11898
2018-Oct-17 16:19:25.613676 INFO    [daemon] Core rpc server started ok
2018-Oct-17 16:19:25.614673 INFO    [daemon] Starting p2p net loop...
2018-Oct-17 16:19:25.617666 INFO    [node_server] Starting node_server
2018-Oct-17 16:19:26.426399 INFO    [protocol] [212.51.218.225:51189 INC] Your TurtleCoin node is syncing with the network (99.99% complete) You are 8 blocks (0 days) behind the current peer you're connected to. Slow and steady wins the race! 
2018-Oct-17 16:19:26.434193 INFO    [protocol] New Top Block Detected: 892332
2018-Oct-17 16:19:26.472051 INFO    [protocol] [54.39.16.195:11897 OUT] Your TurtleCoin node is syncing with the network (99.99% complete) You are 8 blocks (0 days) behind the current peer you're connected to. Slow and steady wins the race! 
2018-Oct-17 16:19:27.750745 INFO    [protocol] [54.39.16.195:11897 OUT] Successfully synchronized with the TurtleCoin Network.
2018-Oct-17 16:19:27.753705 INFO    [protocol] 
2018-Oct-17 16:19:27.754703 INFO    [protocol] ===[ TurtleCoin Tip! ]=============================
2018-Oct-17 16:19:27.755700 INFO    [protocol]  Always exit TurtleCoind and zedwallet with the "exit" command to preserve your chain and wallet data.
2018-Oct-17 16:19:27.757694 INFO    [protocol]  Use the "help" command to see a list of available commands.
2018-Oct-17 16:19:27.759690 INFO    [protocol]  Use the "export_keys" command in zedwallet to display your keys for restoring a corrupted wallet.
2018-Oct-17 16:19:27.763773 INFO    [protocol]  If you need more assistance, visit the #HELP channel in the TurtleCoin Discord Chat - http://chat.turtlecoin.lol
2018-Oct-17 16:19:27.766768 INFO    [protocol] ===================================================
2018-Oct-17 16:19:27.766768 INFO    [protocol] 
2018-Oct-17 16:19:27.769761 INFO    [protocol] 
 _______         _   _       _____      _        
|__   __|       | | | |     / ____|    (_)      
   | |_   _ _ __| |_| | ___| |     ___  _ _ __  
   | | | | | '__| __| |/ _ \ |    / _ \| | '_ \ 
   | | |_| | |  | |_| |  __/ |___| (_) | | | | |
   |_|\__ _|_|   \__|_|\___|\_____\___/|_|_| |_|

2018-Oct-17 16:19:43.172053 WARNING [node_server] [104.128.233.34:38380 INC] Our software may be out of date. Please visit: http://latest.turtlecoin.lol for the latest version.
2018-Oct-17 16:19:50.702331 WARNING [node_server] [83.135.72.246:11897 OUT] COMMAND_HANDSHAKE Warning, our software may be out of date. Please visit: http://latest.turtlecoin.lol for the latest version.
2018-Oct-17 16:20:11.367613 WARNING [node_server] [104.128.233.34:39973 INC] Our software may be out of date. Please visit: http://latest.turtlecoin.lol for the latest version.
2018-Oct-17 16:20:21.713192 WARNING [node_server] [199.247.20.52:50278 INC] Our software may be out of date. Please visit: http://latest.turtlecoin.lol for the latest version.
2018-Oct-17 16:20:31.930438 INFO    [protocol] New Top Block Detected: 892333
